d:\reference_study\guestbook\ref_guestbook\ref_guestbook\ref_guestbook\x64\debug\vc143.pdb
d:\reference_study\guestbook\ref_guestbook\ref_guestbook\ref_guestbook\x64\debug\vc143.idb
d:\reference_study\guestbook\ref_guestbook\ref_guestbook\ref_guestbook\x64\debug\w_control.obj
d:\reference_study\guestbook\ref_guestbook\ref_guestbook\ref_guestbook\x64\debug\replay.obj
d:\reference_study\guestbook\ref_guestbook\ref_guestbook\ref_guestbook\x64\debug\ref_guestbook.obj
d:\reference_study\guestbook\ref_guestbook\ref_guestbook\ref_guestbook\x64\debug\erase.obj
d:\reference_study\guestbook\ref_guestbook\ref_guestbook\ref_guestbook\x64\debug\drawline.obj
d:\reference_study\guestbook\ref_guestbook\ref_guestbook\ref_guestbook\x64\debug\button.obj
d:\reference_study\guestbook\ref_guestbook\ref_guestbook\x64\debug\ref_guestbook.exe
d:\reference_study\guestbook\ref_guestbook\ref_guestbook\x64\debug\ref_guestbook.pdb
d:\reference_study\guestbook\ref_guestbook\ref_guestbook\ref_guestbook\x64\debug\ref_guestbook.res
d:\reference_study\guestbook\ref_guestbook\ref_guestbook\ref_guestbook\x64\debug\ref_guestbook.ilk
d:\reference_study\guestbook\ref_guestbook\ref_guestbook\ref_guestbook\x64\debug\file_save.obj
d:\reference_study\guestbook\ref_guestbook\ref_guestbook\x64\debug\ref_guestbook.ilk
d:\reference_study\guestbook\ref_guestbook\ref_guestbook\ref_guestbook\x64\debug\ref_guestbook.tlog\cl.command.1.tlog
d:\reference_study\guestbook\ref_guestbook\ref_guestbook\ref_guestbook\x64\debug\ref_guestbook.tlog\cl.items.tlog
d:\reference_study\guestbook\ref_guestbook\ref_guestbook\ref_guestbook\x64\debug\ref_guestbook.tlog\cl.read.1.tlog
d:\reference_study\guestbook\ref_guestbook\ref_guestbook\ref_guestbook\x64\debug\ref_guestbook.tlog\cl.write.1.tlog
d:\reference_study\guestbook\ref_guestbook\ref_guestbook\ref_guestbook\x64\debug\ref_guestbook.tlog\link.command.1.tlog
d:\reference_study\guestbook\ref_guestbook\ref_guestbook\ref_guestbook\x64\debug\ref_guestbook.tlog\link.read.1.tlog
d:\reference_study\guestbook\ref_guestbook\ref_guestbook\ref_guestbook\x64\debug\ref_guestbook.tlog\link.secondary.1.tlog
d:\reference_study\guestbook\ref_guestbook\ref_guestbook\ref_guestbook\x64\debug\ref_guestbook.tlog\link.write.1.tlog
d:\reference_study\guestbook\ref_guestbook\ref_guestbook\ref_guestbook\x64\debug\ref_guestbook.tlog\rc.command.1.tlog
d:\reference_study\guestbook\ref_guestbook\ref_guestbook\ref_guestbook\x64\debug\ref_guestbook.tlog\rc.read.1.tlog
d:\reference_study\guestbook\ref_guestbook\ref_guestbook\ref_guestbook\x64\debug\ref_guestbook.tlog\rc.write.1.tlog
